-------------------------------------------------------------------------------
Test set: com.m3bi.hotelbooking.HotelBookingApplicationTests
-------------------------------------------------------------------------------
Tests run: 1, Failures: 0, Errors: 1, Skipped: 0, Time elapsed: 1.471 s <<< FAILURE! - in com.m3bi.hotelbooking.HotelBookingApplicationTests
com.m3bi.hotelbooking.HotelBookingApplicationTests  Time elapsed: 1.468 s  <<< ERROR!
java.lang.IllegalStateException: Unable to find a @SpringBootConfiguration, you need to use @ContextConfiguration or @SpringBootTest(classes=...) with your test

