-------------------------------------------------------------------------------
Test set: com.m3bi.hotelbooking.application.test.HotelBookingApplicationTests
-------------------------------------------------------------------------------
Tests run: 1, Failures: 0, Errors: 1, Skipped: 0, Time elapsed: 0.706 s <<< FAILURE! - in com.m3bi.hotelbooking.application.test.HotelBookingApplicationTests
com.m3bi.hotelbooking.application.test.HotelBookingApplicationTests  Time elapsed: 0.704 s  <<< ERROR!
java.lang.IllegalStateException: Unable to find a @SpringBootConfiguration, you need to use @ContextConfiguration or @SpringBootTest(classes=...) with your test

